[debug] [2022-09-27T16:38:35.814Z] ----------------------------------------------------------------------
[debug] [2022-09-27T16:38:35.817Z] Command:       C:\Program Files\nodejs\node.exe C:\Users\HP\AppData\Roaming\npm\node_modules\firebase-tools\lib\bin\firebase.js init
[debug] [2022-09-27T16:38:35.818Z] CLI Version:   11.11.0
[debug] [2022-09-27T16:38:35.818Z] Platform:      win32
[debug] [2022-09-27T16:38:35.818Z] Node Version:  v16.17.0
[debug] [2022-09-27T16:38:35.820Z] Time:          Tue Sep 27 2022 22:08:35 GMT+0530 (India Standard Time)
[debug] [2022-09-27T16:38:35.820Z] ----------------------------------------------------------------------
[debug] 
[debug] [2022-09-27T16:38:35.832Z] > command requires scopes: ["email","openid","https://www.googleapis.com/auth/cloudplatformprojects.readonly","https://www.googleapis.com/auth/firebase","https://www.googleapis.com/auth/cloud-platform"]
[debug] [2022-09-27T16:38:35.833Z] > authorizing via signed-in user (varshinikulkarni1@gmail.com)
[info] 
     ######## #### ########  ######## ########     ###     ######  ########
     ##        ##  ##     ## ##       ##     ##  ##   ##  ##       ##
     ######    ##  ########  ######   ########  #########  ######  ######
     ##        ##  ##    ##  ##       ##     ## ##     ##       ## ##
     ##       #### ##     ## ######## ########  ##     ##  ######  ########

You're about to initialize a Firebase project in this directory:

  C:\Users\HP\first_angular

[info] 
=== Project Setup
[info] 
[info] First, let's associate this project directory with a Firebase project.
[info] You can create multiple project aliases by running firebase use --add, 
[info] but for now we'll just set up a default project.
[info] 
[debug] [2022-09-27T16:53:30.862Z] >>> [apiv2][query] GET https://firebase.googleapis.com/v1beta1/projects pageSize=100
[debug] [2022-09-27T16:53:31.769Z] <<< [apiv2][status] GET https://firebase.googleapis.com/v1beta1/projects 200
[debug] [2022-09-27T16:53:31.769Z] <<< [apiv2][body] GET https://firebase.googleapis.com/v1beta1/projects [omitted]
[info] i  Using project tenacious-ring-319715 (My First Project) 
[info] 
=== Hosting Setup
[info] 
[info] Your public directory is the folder (relative to your project directory) that
[info] will contain Hosting assets to be uploaded with firebase deploy. If you
[info] have a build process for your assets, use your build's output directory.
[info] 
[debug] [2022-09-27T16:54:04.611Z] >>> [apiv2][query] GET https://www.gstatic.com/firebasejs/releases.json [none]
[debug] [2022-09-27T16:54:04.900Z] <<< [apiv2][status] GET https://www.gstatic.com/firebasejs/releases.json 200
[debug] [2022-09-27T16:54:04.901Z] <<< [apiv2][body] GET https://www.gstatic.com/firebasejs/releases.json {"current":{"version":"9.10.0","browserURL":"https://www.gstatic.com/firebasejs/9.10.0/firebase.js","packageURL":"https://www.gstatic.com/firebasejs/9.10.0/firebase.tgz"},"live":{"version":"9.10","browserURL":"https://www.gstatic.com/firebasejs/live/9.10/firebase.js","packageURL":"https://www.gstatic.com/firebasejs/live/9.10/firebase.tgz"},"components":{"analytics":"https://www.gstatic.com/firebasejs/9.10.0/firebase-analytics.js","app":"https://www.gstatic.com/firebasejs/9.10.0/firebase-app.js","app-check":"https://www.gstatic.com/firebasejs/9.10.0/firebase-app-check.js","auth":"https://www.gstatic.com/firebasejs/9.10.0/firebase-auth.js","auth/cordova":"https://www.gstatic.com/firebasejs/9.10.0/firebase-auth/cordova.js","auth/react-native":"https://www.gstatic.com/firebasejs/9.10.0/firebase-auth/react-native.js","functions":"https://www.gstatic.com/firebasejs/9.10.0/firebase-functions.js","firestore":"https://www.gstatic.com/firebasejs/9.10.0/firebase-firestore.js","firestore/lite":"https://www.gstatic.com/firebasejs/9.10.0/firebase-firestore/lite.js","installations":"https://www.gstatic.com/firebasejs/9.10.0/firebase-installations.js","storage":"https://www.gstatic.com/firebasejs/9.10.0/firebase-storage.js","performance":"https://www.gstatic.com/firebasejs/9.10.0/firebase-performance.js","remote-config":"https://www.gstatic.com/firebasejs/9.10.0/firebase-remote-config.js","messaging":"https://www.gstatic.com/firebasejs/9.10.0/firebase-messaging.js","messaging/sw":"https://www.gstatic.com/firebasejs/9.10.0/firebase-messaging/sw.js","database":"https://www.gstatic.com/firebasejs/9.10.0/firebase-database.js","firestore.memory":"https://www.gstatic.com/firebasejs/9.10.0/firebase-firestore.memory.js"}}
[info] +  Wrote dist/first_angular/index.html 
[info] 
[info] i  Detected a .git folder at C:\Users\HP\first_angular 
[info] i  Authorizing with GitHub to upload your service account to a GitHub repository's secrets store. 
[info] 
[info] Visit this URL on this device to log in:
[info] https://github.com/login/oauth/authorize?client_id=89cf50f02ac6aaed3484&state=158219992&redirect_uri=http%3A%2F%2Flocalhost%3A9005&scope=read%3Auser%20repo%20public_repo
[info] 
[info] Waiting for authentication...
[debug] [2022-09-27T16:54:17.603Z] >>> [apiv2][query] POST https://github.com/login/oauth/access_token [none]
[debug] [2022-09-27T16:54:17.603Z] >>> [apiv2][body] POST https://github.com/login/oauth/access_token [stream]
[debug] [2022-09-27T16:54:18.262Z] <<< [apiv2][status] POST https://github.com/login/oauth/access_token 200
[debug] [2022-09-27T16:54:18.262Z] <<< [apiv2][body] POST https://github.com/login/oauth/access_token {"access_token":"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","token_type":"bearer","scope":"read:user,repo"}
[debug] [2022-09-27T16:54:18.277Z] >>> [apiv2][query] GET https://api.github.com/user [none]
[debug] [2022-09-27T16:54:18.795Z] <<< [apiv2][status] GET https://api.github.com/user 200
[debug] [2022-09-27T16:54:18.795Z] <<< [apiv2][body] GET https://api.github.com/user {"login":"Varshini77","id":65464428,"node_id":"MDQ6VXNlcjY1NDY0NDI4","avatar_url":"https://avatars.githubusercontent.com/u/65464428?v=4","gravatar_id":"","url":"https://api.github.com/users/Varshini77","html_url":"https://github.com/Varshini77","followers_url":"https://api.github.com/users/Varshini77/followers","following_url":"https://api.github.com/users/Varshini77/following{/other_user}","gists_url":"https://api.github.com/users/Varshini77/gists{/gist_id}","starred_url":"https://api.github.com/users/Varshini77/starred{/owner}{/repo}","subscriptions_url":"https://api.github.com/users/Varshini77/subscriptions","organizations_url":"https://api.github.com/users/Varshini77/orgs","repos_url":"https://api.github.com/users/Varshini77/repos","events_url":"https://api.github.com/users/Varshini77/events{/privacy}","received_events_url":"https://api.github.com/users/Varshini77/received_events","type":"User","site_admin":false,"name":null,"company":null,"blog":"","location":null,"email":null,"hireable":null,"bio":null,"twitter_username":null,"public_repos":4,"public_gists":0,"followers":0,"following":0,"created_at":"2020-05-16T18:44:06Z","updated_at":"2022-09-26T16:27:17Z","private_gists":0,"total_private_repos":0,"owned_private_repos":0,"disk_usage":769,"collaborators":0,"two_factor_authentication":false,"plan":{"name":"free","space":976562499,"collaborators":0,"private_repos":10000}}
[info] 
[info] +  Success! Logged into GitHub as Varshini77 
[info] 
[debug] [2022-09-27T16:54:32.919Z] >>> [apiv2][query] GET https://api.github.com/repos/firebase login/actions/secrets/public-key type=owner
[debug] [2022-09-27T16:54:33.346Z] <<< [apiv2][status] GET https://api.github.com/repos/firebase login/actions/secrets/public-key 404
[debug] [2022-09-27T16:54:33.346Z] <<< [apiv2][body] GET https://api.github.com/repos/firebase login/actions/secrets/public-key {"message":"Not Found","documentation_url":"https://docs.github.com/rest"}
